<?xml version="1.0" encoding="UTF-8"?>
<!-- Generated by org.testng.reporters.JUnitXMLReporter -->
<testsuite ignored="0" hostname="Himas-MBP" failures="0" tests="5" name="ChromeTest" time="42.781" errors="0" timestamp="2022-11-27T17:54:09 EST">
  <testcase classname="testCases.TC_003_LoginDDT" name="testLoginDDT" time="1.838"/>
  <testcase classname="testCases.TC_003_LoginDDT" name="testLoginDDT" time="0.969"/>
  <testcase classname="testCases.TC_003_LoginDDT" name="testLoginDDT" time="10.762"/>
  <testcase classname="testCases.TC_003_LoginDDT" name="testLoginDDT" time="10.958"/>
  <testcase classname="testCases.TC_003_LoginDDT" name="testLoginDDT" time="10.717"/>
</testsuite> <!-- ChromeTest -->
