<?xml version="1.0" encoding="UTF-8"?>
<!-- Generated by org.testng.reporters.JUnitXMLReporter -->
<testsuite ignored="1" hostname="Himas-MBP" failures="0" tests="1" name="Test" time="11.52" errors="0" timestamp="2022-11-27T19:58:20 EST">
  <testcase classname="testCases.TC_002_Login" name="testLoginPage" time="1.935"/>
  <testcase classname="testCases.TC_001_AccountRegistration" name="test_RegisterAccount" time="0.0">
    <ignored/>
  </testcase> <!-- test_RegisterAccount -->
</testsuite> <!-- Test -->
