<?xml version="1.0" encoding="UTF-8"?>
<testng-results ignored="0" total="1" passed="1" failed="0" skipped="0">
  <reporter-output>
  </reporter-output>
  <suite started-at="2022-11-28T20:20:17 EST" name="OpenCartSuite" finished-at="2022-11-28T20:20:25 EST" duration-ms="8334">
    <groups>
    </groups>
    <test started-at="2022-11-28T20:20:17 EST" name="ChromeTest" finished-at="2022-11-28T20:20:25 EST" duration-ms="8334">
      <class name="testCases.TC_005_TestMenuItems">
        <test-method is-config="true" signature="setUp(java.lang.String)[pri:0, instance:testCases.TC_005_TestMenuItems@201a4587]" started-at="2022-11-28T20:20:17 EST" name="setUp" finished-at="2022-11-28T20:20:24 EST" duration-ms="6580" status="PASS">
          <params>
            <param index="0">
              <value>
                <![CDATA[chrome]]>
              </value>
            </param>
          </params>
          <reporter-output>
          </reporter-output>
        </test-method> <!-- setUp -->
        <test-method signature="testMenuItems()[pri:0, instance:testCases.TC_005_TestMenuItems@201a4587]" started-at="2022-11-28T20:20:24 EST" name="testMenuItems" finished-at="2022-11-28T20:20:25 EST" duration-ms="1249" status="PASS">
          <reporter-output>
          </reporter-output>
        </test-method> <!-- testMenuItems -->
        <test-method is-config="true" signature="tearDown()[pri:0, instance:testCases.TC_005_TestMenuItems@201a4587]" started-at="2022-11-28T20:20:25 EST" name="tearDown" finished-at="2022-11-28T20:20:25 EST" duration-ms="175" status="PASS">
          <reporter-output>
          </reporter-output>
        </test-method> <!-- tearDown -->
      </class> <!-- testCases.TC_005_TestMenuItems -->
    </test> <!-- ChromeTest -->
  </suite> <!-- OpenCartSuite -->
</testng-results>
