<?xml version="1.0" encoding="UTF-8"?>
<!-- Generated by org.testng.reporters.JUnitXMLReporter -->
<testsuite ignored="0" hostname="Himas-MBP" failures="0" tests="4" name="DataDrivenTest" time="33.858" errors="0" timestamp="2022-11-27T20:02:42 EST">
  <testcase classname="testCases.TC_003_LoginDDT" name="testLoginDDT" time="1.823"/>
  <testcase classname="testCases.TC_003_LoginDDT" name="testLoginDDT" time="1.138"/>
  <testcase classname="testCases.TC_003_LoginDDT" name="testLoginDDT" time="10.764"/>
  <testcase classname="testCases.TC_003_LoginDDT" name="testLoginDDT" time="10.835"/>
</testsuite> <!-- DataDrivenTest -->
